Sun Feb 22 06:00:04 CST 2026: Starting dashboard update
Generating dashboard data...
Dashboard data saved to /Users/adavidbailey/Practice-Bidding-Scenarios/docs/dashboard-data.json
Dashboard data embedded in /Users/adavidbailey/Practice-Bidding-Scenarios/docs/index.html

Summary (since Sep 2023):
  Total scenarios: 300
  Scenarios worked on: 300
  File edits: 51003
  Pipeline runs logged: 1473
  Estimated VS Code hours: 3365
  Git commits: 5821
Sun Feb 22 06:01:04 CST 2026: Committing and pushing changes
[main 6eaa1947f] Daily dashboard update
 2 files changed, 216 insertions(+), 216 deletions(-)
To https://github.com/ADavidBailey/Practice-Bidding-Scenarios.git
   6887a9c77..6eaa1947f  main -> main
Sun Feb 22 06:01:05 CST 2026: Push complete
Sun Feb 22 06:01:05 CST 2026: Dashboard update finished
Sun Feb 22 12:00:05 CST 2026: Starting dashboard update
Generating dashboard data...
Dashboard data saved to /Users/adavidbailey/Practice-Bidding-Scenarios/docs/dashboard-data.json
Dashboard data embedded in /Users/adavidbailey/Practice-Bidding-Scenarios/docs/index.html

Summary (since Sep 2023):
  Total scenarios: 300
  Scenarios worked on: 300
  File edits: 51004
  Pipeline runs logged: 1473
  Estimated VS Code hours: 3374
  Git commits: 5823
Sun Feb 22 12:01:05 CST 2026: Committing and pushing changes
[main 2d39d9995] Daily dashboard update
 2 files changed, 114 insertions(+), 122 deletions(-)
To https://github.com/ADavidBailey/Practice-Bidding-Scenarios.git
   789db78b1..2d39d9995  main -> main
Sun Feb 22 12:01:06 CST 2026: Push complete
Sun Feb 22 12:01:06 CST 2026: Dashboard update finished
Sun Feb 22 18:00:05 CST 2026: Starting dashboard update
Generating dashboard data...
Dashboard data saved to /Users/adavidbailey/Practice-Bidding-Scenarios/docs/dashboard-data.json
Dashboard data embedded in /Users/adavidbailey/Practice-Bidding-Scenarios/docs/index.html

Summary (since Sep 2023):
  Total scenarios: 300
  Scenarios worked on: 300
  File edits: 51004
  Pipeline runs logged: 1473
  Estimated VS Code hours: 3374
  Git commits: 5826
Sun Feb 22 18:01:04 CST 2026: Committing and pushing changes
[main 41c52d8f4] Daily dashboard update
 2 files changed, 36 insertions(+), 36 deletions(-)
To https://github.com/ADavidBailey/Practice-Bidding-Scenarios.git
   317fe56f5..41c52d8f4  main -> main
Sun Feb 22 18:01:06 CST 2026: Push complete
Sun Feb 22 18:01:06 CST 2026: Dashboard update finished
Mon Feb 23 12:00:00 CST 2026: Starting dashboard update
Generating dashboard data...
Dashboard data saved to /Users/adavidbailey/Practice-Bidding-Scenarios/docs/dashboard-data.json
Dashboard data embedded in /Users/adavidbailey/Practice-Bidding-Scenarios/docs/index.html

Summary (since Sep 2023):
  Total scenarios: 300
  Scenarios worked on: 300
  File edits: 51012
  Pipeline runs logged: 1494
  Estimated VS Code hours: 3388
  Git commits: 6084
Mon Feb 23 12:00:59 CST 2026: Committing and pushing changes
[main d0371533f] Daily dashboard update
 2 files changed, 204 insertions(+), 194 deletions(-)
To https://github.com/ADavidBailey/Practice-Bidding-Scenarios.git
   3cc14996f..d0371533f  main -> main
Mon Feb 23 12:01:00 CST 2026: Push complete
Mon Feb 23 12:01:00 CST 2026: Dashboard update finished
Mon Feb 23 18:00:04 CST 2026: Starting dashboard update
Generating dashboard data...
Dashboard data saved to /Users/adavidbailey/Practice-Bidding-Scenarios/docs/dashboard-data.json
Dashboard data embedded in /Users/adavidbailey/Practice-Bidding-Scenarios/docs/index.html

Summary (since Sep 2023):
  Total scenarios: 300
  Scenarios worked on: 300
  File edits: 51037
  Pipeline runs logged: 1534
  Estimated VS Code hours: 3388
  Git commits: 6119
Mon Feb 23 18:01:11 CST 2026: Committing and pushing changes
[main 0e52f0c85] Daily dashboard update
 2 files changed, 200 insertions(+), 194 deletions(-)
To https://github.com/ADavidBailey/Practice-Bidding-Scenarios.git
   6d9edcae7..0e52f0c85  main -> main
Mon Feb 23 18:01:12 CST 2026: Push complete
Mon Feb 23 18:01:12 CST 2026: Dashboard update finished
Tue Feb 24 06:00:02 CST 2026: Starting dashboard update
Generating dashboard data...
Dashboard data saved to /Users/adavidbailey/Practice-Bidding-Scenarios/docs/dashboard-data.json
Dashboard data embedded in /Users/adavidbailey/Practice-Bidding-Scenarios/docs/index.html

Summary (since Sep 2023):
  Total scenarios: 300
  Scenarios worked on: 300
  File edits: 50219
  Pipeline runs logged: 1534
  Estimated VS Code hours: 3312
  Git commits: 6364
Tue Feb 24 06:01:03 CST 2026: Committing and pushing changes
[main 0d86509d5] Daily dashboard update
 2 files changed, 108 insertions(+), 108 deletions(-)
To https://github.com/ADavidBailey/Practice-Bidding-Scenarios.git
   8e6f19010..0d86509d5  main -> main
Tue Feb 24 06:01:04 CST 2026: Push complete
Tue Feb 24 06:01:04 CST 2026: Dashboard update finished
Tue Feb 24 12:00:05 CST 2026: Starting dashboard update
Generating dashboard data...
Dashboard data saved to /Users/adavidbailey/Practice-Bidding-Scenarios/docs/dashboard-data.json
Dashboard data embedded in /Users/adavidbailey/Practice-Bidding-Scenarios/docs/index.html

Summary (since Sep 2023):
  Total scenarios: 300
  Scenarios worked on: 300
  File edits: 50219
  Pipeline runs logged: 1536
  Estimated VS Code hours: 3312
  Git commits: 6360
Tue Feb 24 12:01:06 CST 2026: Committing and pushing changes
[main 7c68337c2] Daily dashboard update
 2 files changed, 92 insertions(+), 92 deletions(-)
To https://github.com/ADavidBailey/Practice-Bidding-Scenarios.git
   c8b09f0fb..7c68337c2  main -> main
Tue Feb 24 12:01:08 CST 2026: Push complete
Tue Feb 24 12:01:08 CST 2026: Dashboard update finished
Tue Feb 24 18:00:01 CST 2026: Starting dashboard update
Generating dashboard data...
Dashboard data saved to /Users/adavidbailey/Practice-Bidding-Scenarios/docs/dashboard-data.json
Dashboard data embedded in /Users/adavidbailey/Practice-Bidding-Scenarios/docs/index.html

Summary (since Sep 2023):
  Total scenarios: 300
  Scenarios worked on: 300
  File edits: 50219
  Pipeline runs logged: 1536
  Estimated VS Code hours: 3345
  Git commits: 6350
Tue Feb 24 18:00:59 CST 2026: Committing and pushing changes
[main f69f59a1b] Daily dashboard update
 2 files changed, 44 insertions(+), 46 deletions(-)
To https://github.com/ADavidBailey/Practice-Bidding-Scenarios.git
   424ed1588..f69f59a1b  main -> main
Tue Feb 24 18:01:00 CST 2026: Push complete
Tue Feb 24 18:01:00 CST 2026: Dashboard update finished
Wed Feb 25 06:00:04 CST 2026: Starting dashboard update
Generating dashboard data...
Dashboard data saved to /Users/adavidbailey/Practice-Bidding-Scenarios/docs/dashboard-data.json
Dashboard data embedded in /Users/adavidbailey/Practice-Bidding-Scenarios/docs/index.html

Summary (since Sep 2023):
  Total scenarios: 300
  Scenarios worked on: 300
  File edits: 50219
  Pipeline runs logged: 1536
  Estimated VS Code hours: 3345
  Git commits: 6351
Wed Feb 25 06:01:06 CST 2026: Committing and pushing changes
[main a02d94f55] Daily dashboard update
 2 files changed, 46 insertions(+), 52 deletions(-)
To https://github.com/ADavidBailey/Practice-Bidding-Scenarios.git
   f69f59a1b..a02d94f55  main -> main
Wed Feb 25 06:01:07 CST 2026: Push complete
Wed Feb 25 06:01:07 CST 2026: Dashboard update finished
