/Users/adavidbailey/Practice-Bidding-Scenarios/scripts/update-dashboard.sh: line 4: : command not found
/Users/adavidbailey/Practice-Bidding-Scenarios/scripts/update-dashboard.sh: line 5: cd: /Users/adavidbailey/Practice-Bidding-Scenarios: No such file or directory
/Users/adavidbailey/Practice-Bidding-Scenarios/scripts/update-dashboard.sh: line 6: : command not found
Wed Jan 28 03:00:05 CST 2026: Starting dashboard update
/Users/adavidbailey/Practice-Bidding-Scenarios/scripts/update-dashboard.sh: line 8: : command not found
/Library/Developer/CommandLineTools/usr/bin/python3: can't open file '/Users/adavidbailey/Practice-Bidding-Scenarios/py/generateDashboardData.py': [Errno 2] No such file or directory
/Users/adavidbailey/Practice-Bidding-Scenarios/scripts/update-dashboard.sh: line 11: : command not found
/Users/adavidbailey/Practice-Bidding-Scenarios/scripts/update-dashboard.sh: line 24: syntax error: unexpected end of file
/Users/adavidbailey/Practice-Bidding-Scenarios/scripts/update-dashboard.sh: line 4: : command not found
/Users/adavidbailey/Practice-Bidding-Scenarios/scripts/update-dashboard.sh: line 5: cd: /Users/adavidbailey/Practice-Bidding-Scenarios: No such file or directory
/Users/adavidbailey/Practice-Bidding-Scenarios/scripts/update-dashboard.sh: line 6: : command not found
Thu Jan 29 03:00:02 CST 2026: Starting dashboard update
/Users/adavidbailey/Practice-Bidding-Scenarios/scripts/update-dashboard.sh: line 8: : command not found
/Library/Developer/CommandLineTools/usr/bin/python3: can't open file '/Users/adavidbailey/Practice-Bidding-Scenarios/py/generateDashboardData.py': [Errno 2] No such file or directory
/Users/adavidbailey/Practice-Bidding-Scenarios/scripts/update-dashboard.sh: line 11: : command not found
/Users/adavidbailey/Practice-Bidding-Scenarios/scripts/update-dashboard.sh: line 24: syntax error: unexpected end of file
Fri Jan 30 03:00:04 CST 2026: Starting dashboard update
Generating dashboard data...
Dashboard data saved to /Users/adavidbailey/Practice-Bidding-Scenarios/dashboard-data.json
Dashboard data embedded in /Users/adavidbailey/Practice-Bidding-Scenarios/dashboard.html

Summary (since Sep 2023):
  Total scenarios: 298
  Scenarios worked on: 298
  File edits: 50482
  Pipeline runs logged: 53
  Estimated VS Code hours: 2999
  Git commits: 5449
Fri Jan 30 03:00:54 CST 2026: Committing and pushing changes
[main 2ab5adc2] Daily dashboard update
 2 files changed, 238 insertions(+), 234 deletions(-)
To https://github.com/ADavidBailey/Practice-Bidding-Scenarios.git
 ! [rejected]          main -> main (fetch first)
error: failed to push some refs to 'https://github.com/ADavidBailey/Practice-Bidding-Scenarios.git'
hint: Updates were rejected because the remote contains work that you do
hint: not have locally. This is usually caused by another repository pushing
hint: to the same ref. You may want to first integrate the remote changes
hint: (e.g., 'git pull ...') before pushing again.
hint: See the 'Note about fast-forwards' in 'git push --help' for details.
Fri Jan 30 03:00:54 CST 2026: Push complete
Fri Jan 30 03:00:54 CST 2026: Dashboard update finished
Fri Jan 30 09:00:05 CST 2026: Starting dashboard update
Generating dashboard data...
Dashboard data saved to /Users/adavidbailey/Practice-Bidding-Scenarios/dashboard-data.json
Dashboard data embedded in /Users/adavidbailey/Practice-Bidding-Scenarios/dashboard.html

Summary (since Sep 2023):
  Total scenarios: 298
  Scenarios worked on: 298
  File edits: 50467
  Pipeline runs logged: 53
  Estimated VS Code hours: 2999
  Git commits: 5422
Fri Jan 30 09:00:57 CST 2026: Committing and pushing changes
[main 943aab41] Daily dashboard update
 2 files changed, 204 insertions(+), 200 deletions(-)
To https://github.com/ADavidBailey/Practice-Bidding-Scenarios.git
   44ad9f70..943aab41  main -> main
Fri Jan 30 09:00:58 CST 2026: Push complete
Fri Jan 30 09:00:58 CST 2026: Dashboard update finished
Sat Jan 31 09:00:05 CST 2026: Starting dashboard update
Generating dashboard data...
Dashboard data saved to /Users/adavidbailey/Practice-Bidding-Scenarios/dashboard-data.json
Dashboard data embedded in /Users/adavidbailey/Practice-Bidding-Scenarios/dashboard.html

Summary (since Sep 2023):
  Total scenarios: 298
  Scenarios worked on: 298
  File edits: 50469
  Pipeline runs logged: 53
  Estimated VS Code hours: 3035
  Git commits: 5430
Sat Jan 31 09:00:54 CST 2026: Committing and pushing changes
[main 788ea206] Daily dashboard update
 2 files changed, 216 insertions(+), 242 deletions(-)
To https://github.com/ADavidBailey/Practice-Bidding-Scenarios.git
 ! [rejected]          main -> main (fetch first)
error: failed to push some refs to 'https://github.com/ADavidBailey/Practice-Bidding-Scenarios.git'
hint: Updates were rejected because the remote contains work that you do
hint: not have locally. This is usually caused by another repository pushing
hint: to the same ref. You may want to first integrate the remote changes
hint: (e.g., 'git pull ...') before pushing again.
hint: See the 'Note about fast-forwards' in 'git push --help' for details.
Sat Jan 31 09:00:55 CST 2026: Push complete
Sat Jan 31 09:00:55 CST 2026: Dashboard update finished
Sun Feb  1 09:00:05 CST 2026: Starting dashboard update
Generating dashboard data...
Dashboard data saved to /Users/adavidbailey/Practice-Bidding-Scenarios/dashboard-data.json
Dashboard data embedded in /Users/adavidbailey/Practice-Bidding-Scenarios/dashboard.html

Summary (since Sep 2023):
  Total scenarios: 298
  Scenarios worked on: 298
  File edits: 50474
  Pipeline runs logged: 95
  Estimated VS Code hours: 3067
  Git commits: 5439
Sun Feb  1 09:01:03 CST 2026: Committing and pushing changes
[main 187c80d2] Daily dashboard update
 2 files changed, 246 insertions(+), 246 deletions(-)
To https://github.com/ADavidBailey/Practice-Bidding-Scenarios.git
   bd446a15..187c80d2  main -> main
Sun Feb  1 09:01:04 CST 2026: Push complete
Sun Feb  1 09:01:04 CST 2026: Dashboard update finished
Mon Feb  2 09:00:05 CST 2026: Starting dashboard update
Generating dashboard data...
Dashboard data saved to /Users/adavidbailey/Practice-Bidding-Scenarios/dashboard-data.json
Dashboard data embedded in /Users/adavidbailey/Practice-Bidding-Scenarios/dashboard.html

Summary (since Sep 2023):
  Total scenarios: 298
  Scenarios worked on: 298
  File edits: 50535
  Pipeline runs logged: 138
  Estimated VS Code hours: 3075
  Git commits: 5397
Mon Feb  2 09:00:57 CST 2026: Committing and pushing changes
[main 8ff80487] Daily dashboard update
 2 files changed, 234 insertions(+), 218 deletions(-)
To https://github.com/ADavidBailey/Practice-Bidding-Scenarios.git
   5a8c9a49..8ff80487  main -> main
Mon Feb  2 09:00:58 CST 2026: Push complete
Mon Feb  2 09:00:58 CST 2026: Dashboard update finished
Tue Feb  3 09:00:02 CST 2026: Starting dashboard update
Generating dashboard data...
Dashboard data saved to /Users/adavidbailey/Practice-Bidding-Scenarios/dashboard-data.json
Dashboard data embedded in /Users/adavidbailey/Practice-Bidding-Scenarios/dashboard.html

Summary (since Sep 2023):
  Total scenarios: 298
  Scenarios worked on: 298
  File edits: 50529
  Pipeline runs logged: 166
  Estimated VS Code hours: 3082
  Git commits: 5391
Tue Feb  3 09:01:04 CST 2026: Committing and pushing changes
[main 2488695f] Daily dashboard update
 2 files changed, 184 insertions(+), 192 deletions(-)
To https://github.com/ADavidBailey/Practice-Bidding-Scenarios.git
   5878d4a6..2488695f  main -> main
Tue Feb  3 09:01:05 CST 2026: Push complete
Tue Feb  3 09:01:05 CST 2026: Dashboard update finished
